{"name": "Validate Register", "status": "broken", "statusDetails": {"message": "selenium.common.exceptions.NoSuchElementException: Message: no such element: Unable to locate element: {\"method\":\"css selector\",\"selector\":\"[name=\"fld_username\"]\"}\n  (Session info: chrome=78.0.3904.108)\n\n", "trace": "  File \"c:\\users\\basnitta\\python\\python38\\lib\\site-packages\\behave\\model.py\", line 1329, in run\n    match.run(runner.context)\n  File \"c:\\users\\basnitta\\python\\python38\\lib\\site-packages\\behave\\matchers.py\", line 98, in run\n    self.func(context, *args, **kwargs)\n  File \"features\\steps\\stepDefiniation.py\", line 16, in step_impl\n    driver.find_element_by_name(\"fld_username\").send_keys(\"test1\")\n  File \"c:\\users\\basnitta\\python\\python38\\lib\\site-packages\\selenium\\webdriver\\remote\\webdriver.py\", line 496, in find_element_by_name\n    return self.find_element(by=By.NAME, value=name)\n  File \"c:\\users\\basnitta\\python\\python38\\lib\\site-packages\\selenium\\webdriver\\remote\\webdriver.py\", line 976, in find_element\n    return self.execute(Command.FIND_ELEMENT, {\n  File \"c:\\users\\basnitta\\python\\python38\\lib\\site-packages\\selenium\\webdriver\\remote\\webdriver.py\", line 321, in execute\n    self.error_handler.check_response(response)\n  File \"c:\\users\\basnitta\\python\\python38\\lib\\site-packages\\selenium\\webdriver\\remote\\errorhandler.py\", line 242, in check_response\n    raise exception_class(message, screen, stacktrace)\n"}, "steps": [{"name": "Given is on Registration page", "status": "passed", "start": 1575972422107, "stop": 1575972446631}, {"name": "When user enters un, pw and email", "status": "broken", "statusDetails": {"message": "selenium.common.exceptions.NoSuchElementException: Message: no such element: Unable to locate element: {\"method\":\"css selector\",\"selector\":\"[name=\"fld_username\"]\"}\n  (Session info: chrome=78.0.3904.108)\n\n", "trace": "  File \"c:\\users\\basnitta\\python\\python38\\lib\\site-packages\\behave\\model.py\", line 1329, in run\n    match.run(runner.context)\n  File \"c:\\users\\basnitta\\python\\python38\\lib\\site-packages\\behave\\matchers.py\", line 98, in run\n    self.func(context, *args, **kwargs)\n  File \"features\\steps\\stepDefiniation.py\", line 16, in step_impl\n    driver.find_element_by_name(\"fld_username\").send_keys(\"test1\")\n  File \"c:\\users\\basnitta\\python\\python38\\lib\\site-packages\\selenium\\webdriver\\remote\\webdriver.py\", line 496, in find_element_by_name\n    return self.find_element(by=By.NAME, value=name)\n  File \"c:\\users\\basnitta\\python\\python38\\lib\\site-packages\\selenium\\webdriver\\remote\\webdriver.py\", line 976, in find_element\n    return self.execute(Command.FIND_ELEMENT, {\n  File \"c:\\users\\basnitta\\python\\python38\\lib\\site-packages\\selenium\\webdriver\\remote\\webdriver.py\", line 321, in execute\n    self.error_handler.check_response(response)\n  File \"c:\\users\\basnitta\\python\\python38\\lib\\site-packages\\selenium\\webdriver\\remote\\errorhandler.py\", line 242, in check_response\n    raise exception_class(message, screen, stacktrace)\n"}, "start": 1575972446631, "stop": 1575972446664}, {"name": "And click on signup", "status": "skipped", "start": 1575972446665, "stop": 1575972446665}, {"name": "Then user should be registered successfully", "status": "skipped", "start": 1575972446665, "stop": 1575972446665}], "start": 1575972422106, "stop": 1575972446665, "uuid": "d7e90441-04f8-466e-9160-9aa00095e36b", "historyId": "738a5272c15f08701d03d23b2acf87c4", "labels": [{"name": "severity", "value": "normal"}, {"name": "tag", "value": "regression"}, {"name": "tag", "value": "sanity"}, {"name": "feature", "value": "Register functionality"}, {"name": "framework", "value": "behave"}, {"name": "language", "value": "cpython3"}]}