{"name": "duplicate Register", "status": "broken", "statusDetails": {"message": "selenium.common.exceptions.NoSuchElementException: Message: no such element: Unable to locate element: {\"method\":\"css selector\",\"selector\":\"[name=\"fld_username\"]\"}\n  (Session info: chrome=78.0.3904.108)\n\n", "trace": "  File \"c:\\users\\basnitta\\python\\python38\\lib\\site-packages\\behave\\model.py\", line 1329, in run\n    match.run(runner.context)\n  File \"c:\\users\\basnitta\\python\\python38\\lib\\site-packages\\behave\\matchers.py\", line 98, in run\n    self.func(context, *args, **kwargs)\n  File \"features\\steps\\stepDefiniation.py\", line 40, in step_impl\n    driver.find_element_by_name(\"fld_username\").send_keys(\"test\")\n  File \"c:\\users\\basnitta\\python\\python38\\lib\\site-packages\\selenium\\webdriver\\remote\\webdriver.py\", line 496, in find_element_by_name\n    return self.find_element(by=By.NAME, value=name)\n  File \"c:\\users\\basnitta\\python\\python38\\lib\\site-packages\\selenium\\webdriver\\remote\\webdriver.py\", line 976, in find_element\n    return self.execute(Command.FIND_ELEMENT, {\n  File \"c:\\users\\basnitta\\python\\python38\\lib\\site-packages\\selenium\\webdriver\\remote\\webdriver.py\", line 321, in execute\n    self.error_handler.check_response(response)\n  File \"c:\\users\\basnitta\\python\\python38\\lib\\site-packages\\selenium\\webdriver\\remote\\errorhandler.py\", line 242, in check_response\n    raise exception_class(message, screen, stacktrace)\n"}, "steps": [{"name": "Given is on Registration page", "status": "passed", "start": 1575972446669, "stop": 1575972471130}, {"name": "When user enters duplicate un, pw and email", "status": "broken", "statusDetails": {"message": "selenium.common.exceptions.NoSuchElementException: Message: no such element: Unable to locate element: {\"method\":\"css selector\",\"selector\":\"[name=\"fld_username\"]\"}\n  (Session info: chrome=78.0.3904.108)\n\n", "trace": "  File \"c:\\users\\basnitta\\python\\python38\\lib\\site-packages\\behave\\model.py\", line 1329, in run\n    match.run(runner.context)\n  File \"c:\\users\\basnitta\\python\\python38\\lib\\site-packages\\behave\\matchers.py\", line 98, in run\n    self.func(context, *args, **kwargs)\n  File \"features\\steps\\stepDefiniation.py\", line 40, in step_impl\n    driver.find_element_by_name(\"fld_username\").send_keys(\"test\")\n  File \"c:\\users\\basnitta\\python\\python38\\lib\\site-packages\\selenium\\webdriver\\remote\\webdriver.py\", line 496, in find_element_by_name\n    return self.find_element(by=By.NAME, value=name)\n  File \"c:\\users\\basnitta\\python\\python38\\lib\\site-packages\\selenium\\webdriver\\remote\\webdriver.py\", line 976, in find_element\n    return self.execute(Command.FIND_ELEMENT, {\n  File \"c:\\users\\basnitta\\python\\python38\\lib\\site-packages\\selenium\\webdriver\\remote\\webdriver.py\", line 321, in execute\n    self.error_handler.check_response(response)\n  File \"c:\\users\\basnitta\\python\\python38\\lib\\site-packages\\selenium\\webdriver\\remote\\errorhandler.py\", line 242, in check_response\n    raise exception_class(message, screen, stacktrace)\n"}, "start": 1575972471131, "stop": 1575972471173}, {"name": "And click on signup1", "status": "skipped", "start": 1575972471174, "stop": 1575972471174}, {"name": "Then user should not be allowed to registered", "status": "skipped", "start": 1575972471174, "stop": 1575972471174}], "start": 1575972446667, "stop": 1575972471174, "uuid": "65b0242a-d204-4cc3-833f-2dd304ab4c62", "historyId": "fa72f7f6cfa69a57b7b5f72e23371d26", "labels": [{"name": "severity", "value": "normal"}, {"name": "tag", "value": "regression"}, {"name": "feature", "value": "Register functionality"}, {"name": "framework", "value": "behave"}, {"name": "language", "value": "cpython3"}]}